\BOOKMARK [1][-]{section.1}{\376\377\230\171\166\356\151\202\217\360}{}% 1
\BOOKMARK [2][-]{subsection.1.1}{\376\377\230\171\166\356\200\314\146\157}{section.1}% 2
\BOOKMARK [2][-]{subsection.1.2}{\376\377\230\171\166\356\166\356\150\007}{section.1}% 3
\BOOKMARK [1][-]{section.2}{\376\377\142\200\147\057\147\266\147\204}{}% 4
\BOOKMARK [2][-]{subsection.2.1}{\376\377\142\200\147\057\150\010}{section.2}% 5
\BOOKMARK [2][-]{subsection.2.2}{\376\377\174\373\176\337\147\266\147\204\126\376}{section.2}% 6
\BOOKMARK [1][-]{section.3}{\376\377\150\070\137\303\122\237\200\375\133\236\163\260}{}% 7
\BOOKMARK [2][-]{subsection.3.1}{\376\377\000m\000a\000c\000O\000S\000\040\150\114\227\142\174\373\176\337}{section.3}% 8
\BOOKMARK [2][-]{subsection.3.2}{\376\377\217\333\172\013\214\003\136\246\173\227\154\325}{section.3}% 9
\BOOKMARK [2][-]{subsection.3.3}{\376\377\170\154\116\366\215\104\156\220\152\041\142\337}{section.3}% 10
\BOOKMARK [2][-]{subsection.3.4}{\376\377\217\333\172\013\124\014\153\145\116\222\145\245}{section.3}% 11
\BOOKMARK [1][-]{section.4}{\376\377\145\160\143\156\136\223\213\276\213\241}{}% 12
\BOOKMARK [1][-]{section.5}{\376\377\165\114\227\142\213\276\213\241}{}% 13
\BOOKMARK [2][-]{subsection.5.1}{\376\377\150\114\227\142\174\373\176\337}{section.5}% 14
\BOOKMARK [2][-]{subsection.5.2}{\376\377\116\373\122\241\173\241\164\006\126\150}{section.5}% 15
\BOOKMARK [1][-]{section.6}{\376\377\155\113\213\325\116\016\232\214\213\301}{}% 16
\BOOKMARK [2][-]{subsection.6.1}{\376\377\122\237\200\375\155\113\213\325}{section.6}% 17
\BOOKMARK [1][-]{section.7}{\376\377\140\073\176\323\116\016\134\125\147\033}{}% 18
\BOOKMARK [2][-]{subsection.7.1}{\376\377\230\171\166\356\140\073\176\323}{section.7}% 19
\BOOKMARK [2][-]{subsection.7.2}{\376\377\147\052\147\145\134\125\147\033}{section.7}% 20
